[2022-09-02 22:47:07] (ERROR @ C:\OpenServer\domains\belarus\core\vendor\xpdo\xpdo\src\xPDO\xPDO.php : 666) Could not load class: modTransliterate from translit.modtransliterate
[2022-09-02 22:47:07] (ERROR @ C:\OpenServer\domains\belarus\core\vendor\xpdo\xpdo\src\xPDO\xPDO.php : 1267) Problem getting service translit, instance of class translit.modTransliterate, from path C:\OpenServer\domains\belarus/core/components/
[2022-09-07 19:09:37] (ERROR @ C:\OpenServer\domains\belarus\core\vendor\xpdo\xpdo\src\xPDO\Om\xPDOObject.php : 227) Error 42000 executing statement: 
Array
(
    [0] => 42000
    [1] => 1064
    [2] => You have an error in your SQL syntax; check the manual that corresponds to your MySQL server version for the right syntax to use near '0 ORDER BY `modResource`.`pagetitle` ASC LIMIT 20' at line 1
)

[2022-09-07 21:33:54] (ERROR @ C:\OpenServer\domains\belarus\core\src\Revolution\modMenu.php : 80) The menu cache key menus/usernav/ru could not be written.
[2022-09-07 21:37:19] (ERROR @ C:\OpenServer\domains\belarus\core\vendor\xpdo\xpdo\src\xPDO\Om\xPDOObject.php : 227) Error 42000 executing statement: 
Array
(
    [0] => 42000
    [1] => 1064
    [2] => You have an error in your SQL syntax; check the manual that corresponds to your MySQL server version for the right syntax to use near '0 ORDER BY `modResource`.`pagetitle` ASC LIMIT 20' at line 1
)

[2022-09-08 00:19:44] (ERROR @ C:\OpenServer\domains\belarus\core\src\Revolution\modPhpThumb.php : 235) phpThumb was unable to generate a thumbnail for: C:\OpenServer\domains\belarus\core\cache\phpthumb\belarus__srcc04b8909c864e78b160d88827930febd_par50a064df300e664cfff2fbd5ed8df8e3_dat1660074976.png
[2022-09-08 00:19:45] (ERROR @ C:\OpenServer\domains\belarus\core\src\Revolution\modPhpThumb.php : 251) Error outputting thumbnail:
OutputThumbnail() failed because !is_resource($this->gdimg_output) in file "phpthumb.class.php" on line 647
[2022-09-08 01:09:33] (ERROR @ C:\OpenServer\domains\belarus\core\vendor\xpdo\xpdo\src\xPDO\Cache\xPDOCacheManager.php : 498) PHP warning: unlink(C:\OpenServer\domains\belarus/core/cache/lexicon_topics/lexicon/be/core/languages.cache.php): No such file or directory
[2022-09-08 01:09:33] (ERROR @ C:\OpenServer\domains\belarus\core\vendor\xpdo\xpdo\src\xPDO\Cache\xPDOCacheManager.php : 506) PHP warning: closedir(): supplied resource is not a valid Directory resource
[2022-09-08 01:09:33] (ERROR @ C:\OpenServer\domains\belarus\core\vendor\xpdo\xpdo\src\xPDO\Cache\xPDOCacheManager.php : 475) PHP warning: opendir(C:\OpenServer\domains\belarus/core/cache/lexicon_topics/lexicon/bg/): Не удается найти указанный файл. (code: 2)
[2022-09-08 01:09:33] (ERROR @ C:\OpenServer\domains\belarus\core\vendor\xpdo\xpdo\src\xPDO\Cache\xPDOCacheManager.php : 475) PHP warning: opendir(C:\OpenServer\domains\belarus/core/cache/lexicon_topics/lexicon/bg/): failed to open dir: No such file or directory
[2022-09-08 01:09:33] (ERROR @ C:\OpenServer\domains\belarus\core\vendor\xpdo\xpdo\src\xPDO\Cache\xPDOCacheManager.php : 498) PHP warning: unlink(C:\OpenServer\domains\belarus/core/cache/lexicon_topics/lexicon/cs/core/languages.cache.php): No such file or directory
[2022-09-08 01:09:33] (ERROR @ C:\OpenServer\domains\belarus\core\vendor\xpdo\xpdo\src\xPDO\Cache\xPDOCacheManager.php : 506) PHP warning: closedir(): supplied resource is not a valid Directory resource
[2022-09-08 01:09:33] (ERROR @ C:\OpenServer\domains\belarus\core\vendor\xpdo\xpdo\src\xPDO\Cache\xPDOCacheManager.php : 475) PHP warning: opendir(C:\OpenServer\domains\belarus/core/cache/lexicon_topics/lexicon/de/core/): Не удается найти указанный файл. (code: 2)
[2022-09-08 01:09:33] (ERROR @ C:\OpenServer\domains\belarus\core\vendor\xpdo\xpdo\src\xPDO\Cache\xPDOCacheManager.php : 475) PHP warning: opendir(C:\OpenServer\domains\belarus/core/cache/lexicon_topics/lexicon/de/core/): failed to open dir: No such file or directory
[2022-09-08 01:09:33] (ERROR @ C:\OpenServer\domains\belarus\core\vendor\xpdo\xpdo\src\xPDO\Cache\xPDOCacheManager.php : 475) PHP warning: opendir(C:\OpenServer\domains\belarus/core/cache/lexicon_topics/lexicon/el/): Системе не удается найти указанный путь. (code: 3)
[2022-09-08 01:09:33] (ERROR @ C:\OpenServer\domains\belarus\core\vendor\xpdo\xpdo\src\xPDO\Cache\xPDOCacheManager.php : 475) PHP warning: opendir(C:\OpenServer\domains\belarus/core/cache/lexicon_topics/lexicon/el/): Системе не удается найти указанный путь. (code: 3)
[2022-09-08 01:09:33] (ERROR @ C:\OpenServer\domains\belarus\core\vendor\xpdo\xpdo\src\xPDO\Cache\xPDOCacheManager.php : 475) PHP warning: opendir(C:\OpenServer\domains\belarus/core/cache/lexicon_topics/lexicon/el/): failed to open dir: No such file or directory
[2022-09-08 01:09:33] (ERROR @ C:\OpenServer\domains\belarus\core\vendor\xpdo\xpdo\src\xPDO\Cache\xPDOCacheManager.php : 475) PHP warning: opendir(C:\OpenServer\domains\belarus/core/cache/lexicon_topics/lexicon/el/): failed to open dir: No such file or directory
[2022-09-08 01:09:33] (ERROR @ C:\OpenServer\domains\belarus\core\vendor\xpdo\xpdo\src\xPDO\Cache\xPDOCacheManager.php : 475) PHP warning: opendir(C:\OpenServer\domains\belarus/core/cache/lexicon_topics/lexicon/en/ckeditor/): Отказано в доступе. (code: 5)
[2022-09-08 01:09:33] (ERROR @ C:\OpenServer\domains\belarus\core\vendor\xpdo\xpdo\src\xPDO\Cache\xPDOCacheManager.php : 475) PHP warning: opendir(C:\OpenServer\domains\belarus/core/cache/lexicon_topics/lexicon/en/ckeditor/): failed to open dir: No such file or directory
[2022-09-08 01:09:33] (ERROR @ C:\OpenServer\domains\belarus\core\vendor\xpdo\xpdo\src\xPDO\Cache\xPDOCacheManager.php : 498) PHP warning: unlink(C:\OpenServer\domains\belarus/core/cache/lexicon_topics/lexicon/en/en/topmenu.cache.php): No such file or directory
[2022-09-08 01:09:33] (ERROR @ C:\OpenServer\domains\belarus\core\vendor\xpdo\xpdo\src\xPDO\Cache\xPDOCacheManager.php : 506) PHP warning: closedir(): supplied resource is not a valid Directory resource
[2022-09-08 01:09:33] (ERROR @ C:\OpenServer\domains\belarus\core\vendor\xpdo\xpdo\src\xPDO\Cache\xPDOCacheManager.php : 498) PHP warning: unlink(C:\OpenServer\domains\belarus/core/cache/lexicon_topics/lexicon/en/pdotools/properties.cache.php): No such file or directory
[2022-09-08 01:09:33] (ERROR @ C:\OpenServer\domains\belarus\core\vendor\xpdo\xpdo\src\xPDO\Cache\xPDOCacheManager.php : 506) PHP warning: closedir(): supplied resource is not a valid Directory resource
[2022-09-08 01:09:33] (ERROR @ C:\OpenServer\domains\belarus\core\vendor\xpdo\xpdo\src\xPDO\Cache\xPDOCacheManager.php : 498) PHP warning: unlink(C:\OpenServer\domains\belarus/core/cache/lexicon_topics/lexicon/fa/core/languages.cache.php): No such file or directory
[2022-09-08 01:09:33] (ERROR @ C:\OpenServer\domains\belarus\core\vendor\xpdo\xpdo\src\xPDO\Cache\xPDOCacheManager.php : 506) PHP warning: closedir(): supplied resource is not a valid Directory resource
[2022-09-08 01:09:33] (ERROR @ C:\OpenServer\domains\belarus\core\vendor\xpdo\xpdo\src\xPDO\Cache\xPDOCacheManager.php : 475) PHP warning: opendir(C:\OpenServer\domains\belarus/core/cache/lexicon_topics/lexicon/fa/): Не удается найти указанный файл. (code: 2)
[2022-09-08 01:09:33] (ERROR @ C:\OpenServer\domains\belarus\core\vendor\xpdo\xpdo\src\xPDO\Cache\xPDOCacheManager.php : 498) PHP warning: unlink(C:\OpenServer\domains\belarus/core/cache/lexicon_topics/lexicon/fi/core/languages.cache.php): No such file or directory
[2022-09-08 01:09:33] (ERROR @ C:\OpenServer\domains\belarus\core\vendor\xpdo\xpdo\src\xPDO\Cache\xPDOCacheManager.php : 506) PHP warning: closedir(): supplied resource is not a valid Directory resource
lexicon/fa/): failed to open dir: No such file or directory
[2022-09-08 01:09:33] (ERROR @ C:\OpenServer\domains\belarus\core\vendor\xpdo\xpdo\src\xPDO\Cache\xPDOCacheManager.php : 475) PHP warning: opendir(C:\OpenServer\domains\belarus/core/cache/lexicon_topics/lexicon/hi/core/): Системе не удается найти указанный путь. (code: 3)
[2022-09-08 01:09:33] (ERROR @ C:\OpenServer\domains\belarus\core\vendor\xpdo\xpdo\src\xPDO\Cache\xPDOCacheManager.php : 475) PHP warning: opendir(C:\OpenServer\domains\belarus/core/cache/lexicon_topics/lexicon/hi/core/): failed to open dir: No such file or directory
[2022-09-08 01:09:33] (ERROR @ C:\OpenServer\domains\belarus\core\vendor\xpdo\xpdo\src\xPDO\Cache\xPDOCacheManager.php : 475) PHP warning: opendir(C:\OpenServer\domains\belarus/core/cache/lexicon_topics/lexicon/hu/): Не удается найти указанный файл. (code: 2)
[2022-09-08 01:09:33] (ERROR @ C:\OpenServer\domains\belarus\core\vendor\xpdo\xpdo\src\xPDO\Cache\xPDOCacheManager.php : 475) PHP warning: opendir(C:\OpenServer\domains\belarus/core/cache/lexicon_topics/lexicon/hu/): failed to open dir: No such file or directory
[2022-09-08 01:09:33] (ERROR @ C:\OpenServer\domains\belarus\core\vendor\xpdo\xpdo\src\xPDO\Cache\xPDOCacheManager.php : 475) PHP warning: opendir(C:\OpenServer\domains\belarus/core/cache/lexicon_topics/lexicon/id/): Системе не удается найти указанный путь. (code: 3)
[2022-09-08 01:09:33] (ERROR @ C:\OpenServer\domains\belarus\core\vendor\xpdo\xpdo\src\xPDO\Cache\xPDOCacheManager.php : 475) PHP warning: opendir(C:\OpenServer\domains\belarus/core/cache/lexicon_topics/lexicon/id/): failed to open dir: No such file or directory
[2022-09-08 01:09:33] (ERROR @ C:\OpenServer\domains\belarus\core\vendor\xpdo\xpdo\src\xPDO\Cache\xPDOCacheManager.php : 475) PHP warning: opendir(C:\OpenServer\domains\belarus/core/cache/lexicon_topics/lexicon/it/core/): Не удается найти указанный файл. (code: 2)
[2022-09-08 01:09:33] (ERROR @ C:\OpenServer\domains\belarus\core\vendor\xpdo\xpdo\src\xPDO\Cache\xPDOCacheManager.php : 475) PHP warning: opendir(C:\OpenServer\domains\belarus/core/cache/lexicon_topics/lexicon/it/core/): failed to open dir: No such file or directory
[2022-09-08 01:09:33] (ERROR @ C:\OpenServer\domains\belarus\core\vendor\xpdo\xpdo\src\xPDO\Cache\xPDOCacheManager.php : 475) PHP warning: opendir(C:\OpenServer\domains\belarus/core/cache/lexicon_topics/lexicon/ja/core/): Системе не удается найти указанный путь. (code: 3)
[2022-09-08 01:09:33] (ERROR @ C:\OpenServer\domains\belarus\core\vendor\xpdo\xpdo\src\xPDO\Cache\xPDOCacheManager.php : 475) PHP warning: opendir(C:\OpenServer\domains\belarus/core/cache/lexicon_topics/lexicon/ja/core/): failed to open dir: No such file or directory
[2022-09-08 01:09:33] (ERROR @ C:\OpenServer\domains\belarus\core\vendor\xpdo\xpdo\src\xPDO\Cache\xPDOCacheManager.php : 498) PHP warning: unlink(C:\OpenServer\domains\belarus/core/cache/lexicon_topics/lexicon/pl/core/languages.cache.php): No such file or directory
[2022-09-08 01:09:33] (ERROR @ C:\OpenServer\domains\belarus\core\vendor\xpdo\xpdo\src\xPDO\Cache\xPDOCacheManager.php : 506) PHP warning: closedir(): supplied resource is not a valid Directory resource
[2022-09-08 01:09:33] (ERROR @ C:\OpenServer\domains\belarus\core\vendor\xpdo\xpdo\src\xPDO\Cache\xPDOCacheManager.php : 475) PHP warning: opendir(C:\OpenServer\domains\belarus/core/cache/lexicon_topics/lexicon/ru/ace/): Не удается найти указанный файл. (code: 2)
[2022-09-08 01:09:33] (ERROR @ C:\OpenServer\domains\belarus\core\vendor\xpdo\xpdo\src\xPDO\Cache\xPDOCacheManager.php : 475) PHP warning: opendir(C:\OpenServer\domains\belarus/core/cache/lexicon_topics/lexicon/ru/ace/): failed to open dir: No such file or directory
[2022-09-08 01:09:33] (ERROR @ C:\OpenServer\domains\belarus\core\vendor\xpdo\xpdo\src\xPDO\Cache\xPDOCacheManager.php : 498) PHP warning: unlink(C:\OpenServer\domains\belarus/core/cache/lexicon_topics/lexicon/ru/core/dashboard.cache.php): No such file or directory
[2022-09-08 01:09:33] (ERROR @ C:\OpenServer\domains\belarus\core\vendor\xpdo\xpdo\src\xPDO\Cache\xPDOCacheManager.php : 498) PHP warning: unlink(C:\OpenServer\domains\belarus/core/cache/lexicon_topics/lexicon/ru/core/default.cache.php): No such file or directory
[2022-09-08 01:09:33] (ERROR @ C:\OpenServer\domains\belarus\core\vendor\xpdo\xpdo\src\xPDO\Cache\xPDOCacheManager.php : 506) PHP warning: closedir(): supplied resource is not a valid Directory resource
[2022-09-08 01:09:33] (ERROR @ C:\OpenServer\domains\belarus\core\vendor\xpdo\xpdo\src\xPDO\Cache\xPDOCacheManager.php : 475) PHP warning: opendir(C:\OpenServer\domains\belarus/core/cache/lexicon_topics/lexicon/ru/pdotools/): Системе не удается найти указанный путь. (code: 3)
[2022-09-08 01:09:33] (ERROR @ C:\OpenServer\domains\belarus\core\vendor\xpdo\xpdo\src\xPDO\Cache\xPDOCacheManager.php : 475) PHP warning: opendir(C:\OpenServer\domains\belarus/core/cache/lexicon_topics/lexicon/ru/pdotools/): Системе не удается найти указанный путь. (code: 3)
[2022-09-08 01:09:33] (ERROR @ C:\OpenServer\domains\belarus\core\vendor\xpdo\xpdo\src\xPDO\Cache\xPDOCacheManager.php : 475) PHP warning: opendir(C:\OpenServer\domains\belarus/core/cache/lexicon_topics/lexicon/ru/pdotools/): failed to open dir: No such file or directory
[2022-09-08 01:09:33] (ERROR @ C:\OpenServer\domains\belarus\core\vendor\xpdo\xpdo\src\xPDO\Cache\xPDOCacheManager.php : 475) PHP warning: opendir(C:\OpenServer\domains\belarus/core/cache/lexicon_topics/lexicon/ru/pdotools/): failed to open dir: No such file or directory
[2022-09-08 01:09:33] (ERROR @ C:\OpenServer\domains\belarus\core\vendor\xpdo\xpdo\src\xPDO\Cache\xPDOCacheManager.php : 498) PHP warning: unlink(C:\OpenServer\domains\belarus/core/cache/lexicon_topics/lexicon/sv/core/languages.cache.php): No such file or directory
[2022-09-08 01:09:33] (ERROR @ C:\OpenServer\domains\belarus\core\vendor\xpdo\xpdo\src\xPDO\Cache\xPDOCacheManager.php : 475) PHP warning: opendir(C:\OpenServer\domains\belarus/core/cache/lexicon_topics/lexicon/sv/core/): Системе не удается найти указанный путь. (code: 3)
[2022-09-08 01:09:33] (ERROR @ C:\OpenServer\domains\belarus\core\vendor\xpdo\xpdo\src\xPDO\Cache\xPDOCacheManager.php : 475) PHP warning: opendir(C:\OpenServer\domains\belarus/core/cache/lexicon_topics/lexicon/sv/core/): failed to open dir: No such file or directory
[2022-09-08 01:09:33] (ERROR @ C:\OpenServer\domains\belarus\core\vendor\xpdo\xpdo\src\xPDO\Cache\xPDOCacheManager.php : 498) PHP warning: unlink(C:\OpenServer\domains\belarus/core/cache/lexicon_topics/lexicon/uk/core/languages.cache.php): No such file or directory
[2022-09-08 01:09:33] (ERROR @ C:\OpenServer\domains\belarus\core\vendor\xpdo\xpdo\src\xPDO\Cache\xPDOCacheManager.php : 506) PHP warning: closedir(): supplied resource is not a valid Directory resource
[2022-09-08 01:09:33] (ERROR @ C:\OpenServer\domains\belarus\core\vendor\xpdo\xpdo\src\xPDO\Cache\xPDOCacheManager.php : 475) PHP warning: opendir(C:\OpenServer\domains\belarus/core/cache/lexicon_topics/lexicon/zh/): Системе не удается найти указанный путь. (code: 3)
[2022-09-08 01:09:33] (ERROR @ C:\OpenServer\domains\belarus\core\vendor\xpdo\xpdo\src\xPDO\Cache\xPDOCacheManager.php : 475) PHP warning: opendir(C:\OpenServer\domains\belarus/core/cache/lexicon_topics/lexicon/zh/): failed to open dir: No such file or directory
[2022-09-08 01:09:33] (ERROR @ C:\OpenServer\domains\belarus\core\vendor\xpdo\xpdo\src\xPDO\Cache\xPDOCacheManager.php : 498) PHP warning: unlink(C:\OpenServer\domains\belarus/core/cache/scripts/elements/modx/revolution/modplugin/1.cache.php): No such file or directory
[2022-09-08 01:09:33] (ERROR @ C:\OpenServer\domains\belarus\core\vendor\xpdo\xpdo\src\xPDO\Cache\xPDOCacheManager.php : 506) PHP warning: closedir(): supplied resource is not a valid Directory resource
[2022-09-08 01:09:33] (ERROR @ C:\OpenServer\domains\belarus\core\vendor\xpdo\xpdo\src\xPDO\Cache\xPDOCacheManager.php : 475) PHP warning: opendir(C:/OpenServer/domains/belarus/core/cache/includes/elements/modx/revolution/modsnippet/): Системе не удается найти указанный путь. (code: 3)
[2022-09-08 01:09:33] (ERROR @ C:\OpenServer\domains\belarus\core\vendor\xpdo\xpdo\src\xPDO\Cache\xPDOCacheManager.php : 475) PHP warning: opendir(C:/OpenServer/domains/belarus/core/cache/includes/elements/modx/revolution/modsnippet/): failed to open dir: No such file or directory
[2022-09-08 01:09:33] (ERROR @ C:\OpenServer\domains\belarus\core\vendor\xpdo\xpdo\src\xPDO\Cache\xPDOCacheManager.php : 475) PHP warning: opendir(C:\OpenServer\domains\belarus/core/cache/menu/menus/topnav/): Системе не удается найти указанный путь. (code: 3)
[2022-09-08 01:09:33] (ERROR @ C:\OpenServer\domains\belarus\core\vendor\xpdo\xpdo\src\xPDO\Cache\xPDOCacheManager.php : 475) PHP warning: opendir(C:\OpenServer\domains\belarus/core/cache/menu/menus/topnav/): failed to open dir: No such file or directory
